0 info it worked if it ends with ok
1 verbose cli [ 'node',
1 verbose cli   '/opt/boxen/nodenv/versions/v0.10.13/bin/npm',
1 verbose cli   'run',
1 verbose cli   'watch' ]
2 info using npm@2.7.5
3 info using node@v0.10.13
4 verbose stack Error: missing script: watch
4 verbose stack     at run (/opt/boxen/nodenv/versions/v0.10.13/lib/node_modules/npm/lib/run-script.js:165:19)
4 verbose stack     at /opt/boxen/nodenv/versions/v0.10.13/lib/node_modules/npm/lib/run-script.js:81:5
4 verbose stack     at /opt/boxen/nodenv/versions/v0.10.13/lib/node_modules/npm/node_modules/read-package-json/read-json.js:52:40
4 verbose stack     at /opt/boxen/nodenv/versions/v0.10.13/lib/node_modules/npm/node_modules/read-package-json/read-json.js:376:33
4 verbose stack     at checkBinReferences_ (/opt/boxen/nodenv/versions/v0.10.13/lib/node_modules/npm/node_modules/read-package-json/read-json.js:341:59)
4 verbose stack     at final (/opt/boxen/nodenv/versions/v0.10.13/lib/node_modules/npm/node_modules/read-package-json/read-json.js:373:17)
4 verbose stack     at then (/opt/boxen/nodenv/versions/v0.10.13/lib/node_modules/npm/node_modules/read-package-json/read-json.js:127:33)
4 verbose stack     at /opt/boxen/nodenv/versions/v0.10.13/lib/node_modules/npm/node_modules/read-package-json/read-json.js:332:40
4 verbose stack     at evalmachine.<anonymous>:266:14
4 verbose stack     at /opt/boxen/nodenv/versions/v0.10.13/lib/node_modules/npm/node_modules/graceful-fs/graceful-fs.js:102:5
5 verbose cwd /Users/mateo/coding_projects/OpenAustin/atx-citysdk-js
6 error Darwin 14.5.0
7 error argv "node" "/opt/boxen/nodenv/versions/v0.10.13/bin/npm" "run" "watch"
8 error node v0.10.13
9 error npm  v2.7.5
10 error missing script: watch
11 error If you need help, you may report this error at:
11 error     <https://github.com/npm/npm/issues>
12 verbose exit [ 1, true ]
